[ 2015-10-27T09:15:09+08:00 ] ::1 /thinkphp/PXPark
INFO: [ app_init ] --START--
INFO: Run Behavior\BuildLiteBehavior [ RunTime:0.000013s ]
INFO: [ app_init ] --END-- [ RunTime:0.000560s ]
ERR: 无法加载模块:PXPark

[ 2015-10-27T09:16:37+08:00 ] ::1 /thinkphp/PXPark/Home/Car
INFO: [ app_init ] --START--
INFO: Run Behavior\BuildLiteBehavior [ RunTime:0.000013s ]
INFO: [ app_init ] --END-- [ RunTime:0.000656s ]
ERR: 无法加载模块:PXPark

[ 2015-10-27T09:17:04+08:00 ] ::1 /thinkphp/PXPark/Home/Car/login_test.html
INFO: [ app_init ] --START--
INFO: Run Behavior\BuildLiteBehavior [ RunTime:0.000012s ]
INFO: [ app_init ] --END-- [ RunTime:0.000545s ]
ERR: 无法加载模块:PXPark

[ 2015-10-27T09:17:07+08:00 ] ::1 /thinkphp/PXPark/Home/Car/login_test.html
INFO: [ app_init ] --START--
INFO: Run Behavior\BuildLiteBehavior [ RunTime:0.000012s ]
INFO: [ app_init ] --END-- [ RunTime:0.000524s ]
ERR: 无法加载模块:PXPark

